<?xml version="1.0" encoding="UTF-8"?>
<!-- Generated by org.testng.reporters.JUnitReportReporter -->
<testsuite hostname="PSDLAP385" failures="0" tests="8" name="test.MagicHealthTestcases" time="66.844" errors="0" timestamp="2024-12-27T02:49:22 IST" skipped="0">
  <testcase classname="test.MagicHealthTestcases" name="TC_001_Verifying_Click_on_Home_Button_on_Landing_Page_USER" time="5.645"/>
  <system-out/>
  <testcase classname="test.MagicHealthTestcases" name="TC_002_Verifying_Click_on_Explore_Solutions_Button_on_Home_Page_USER" time="8.498"/>
  <system-out/>
  <testcase classname="test.MagicHealthTestcases" name="TC_003_Verifying_Navigation_to_the_Request_Demo_In_HomePage_USER" time="5.666"/>
  <system-out/>
  <testcase classname="test.MagicHealthTestcases" name="TC_004_Verifying_Navigation_to_the_Request_Demo_at_ContactUs_Form_In_HomePage_USER" time="11.112"/>
  <system-out/>
  <testcase classname="test.MagicHealthTestcases" name="TC_005_Verifying_Explore_Our_Solutions_Button_Functionality_USER" time="7.199"/>
  <system-out/>
  <testcase classname="test.MagicHealthTestcases" name="TC_006_Verifying_Click_on_Product_Button_on_Landing_Page_Functionality_USER" time="6.886"/>
  <system-out/>
  <testcase classname="test.MagicHealthTestcases" name="TC_007_Verifying_Navigation_to_the_Request_Demo_In_Products_Page_USER" time="9.919"/>
  <system-out/>
  <testcase classname="test.MagicHealthTestcases" name="TC_008_Verifying_Navigation_to_the_Request_Demo_at_ContactUs_Form_In_Products_Page_USER" time="11.919"/>
  <system-out/>
</testsuite> <!-- test.MagicHealthTestcases -->
